<?xml version="1.0" encoding="UTF-8"?>
<!-- Generated by org.testng.reporters.JUnitReportReporter -->
<testsuite skipped="0" hostname="elefsis" name="SampleTests" tests="18" failures="0" timestamp="20 Mar 2017 17:59:37 GMT" time="59.221" errors="0">
  <testcase name="question2Test" time="0.082" classname="SampleTests"/>
  <testcase name="test6" time="0.001" classname="SampleTests"/>
  <testcase name="testConcurrent1" time="0.025" classname="SampleTests"/>
  <testcase name="test9" time="0.001" classname="SampleTests"/>
  <testcase name="test11a" time="0.050" classname="SampleTests"/>
  <testcase name="test2" time="0.000" classname="SampleTests"/>
  <testcase name="test11c" time="0.010" classname="SampleTests"/>
  <testcase name="test4" time="0.001" classname="SampleTests"/>
  <testcase name="test10a" time="4.421" classname="SampleTests"/>
  <testcase name="test10c" time="45.742" classname="SampleTests"/>
  <testcase name="test11b" time="0.004" classname="SampleTests"/>
  <testcase name="test8" time="0.001" classname="SampleTests"/>
  <testcase name="test10b" time="8.827" classname="SampleTests"/>
  <testcase name="test1" time="0.002" classname="SampleTests"/>
  <testcase name="testConcurrent2" time="0.001" classname="SampleTests"/>
  <testcase name="test5" time="0.000" classname="SampleTests"/>
  <testcase name="test7" time="0.051" classname="SampleTests"/>
  <testcase name="test3" time="0.002" classname="SampleTests"/>
</testsuite> <!-- SampleTests -->
